2022-10-31 23:46:09:469- [32minfo[39m:[32mservidor rodando na porta 8000[39m
2022-10-31 23:46:57:4657- [32minfo[39m:[32mservidor rodando na porta 8000[39m
2022-10-31 23:47:20:4720- [32minfo[39m:[32mconectado ao banco de dados![39m
2022-10-31 23:47:20:4720- [32minfo[39m:[32mservidor rodando na porta 8000[39m
2022-10-31 23:47:26:4726- [32minfo[39m:[32mconectado ao banco de dados![39m
2022-10-31 23:47:26:4726- [32minfo[39m:[32mservidor rodando na porta 8000[39m
2022-10-31 23:48:15:4815- [32minfo[39m:[32mconectado ao banco de dados![39m
2022-10-31 23:48:15:4815- [32minfo[39m:[32mservidor rodando na porta 8000[39m
2022-11-01 14:22:37:2237- [32minfo[39m:[32mconectado ao banco de dados![39m
2022-11-01 14:22:37:2237- [32minfo[39m:[32mservidor rodando na porta 8000[39m
2022-11-01 14:22:48:2248- [35mhttp[39m:[35mGET /api/teste 404 148 - 1.869 ms[39m
[35m[39m
2022-11-01 14:23:02:232- [35mhttp[39m:[35mGET /api/test 200 20 - 1.764 ms[39m
[35m[39m
2022-12-06 18:23:51:2351- [35mhttp[39m:[35mPOST /api/ 404 144 - 1.992 ms[39m
[35m[39m
2022-12-06 18:23:55:2355- [35mhttp[39m:[35mGET /api/ 404 143 - 0.442 ms[39m
[35m[39m
2022-12-06 18:24:10:2410- [32minfo[39m:[32merro ao conectar ao banco de dados[39m
2022-12-06 18:26:20:2620- [32minfo[39m:[32merro ao conectar ao banco de dados[39m
2022-12-06 18:27:20:2720- [35mhttp[39m:[35mGET /api/ 404 143 - 1.485 ms[39m
[35m[39m
2022-12-06 18:27:41:2741- [32minfo[39m:[32merro ao conectar ao banco de dados[39m
2022-12-06 18:28:14:2814- [32minfo[39m:[32merro ao conectar ao banco de dados[39m
2022-12-06 18:28:29:2829- [35mhttp[39m:[35mGET /test 404 143 - 1.125 ms[39m
[35m[39m
2022-12-06 18:28:40:2840- [35mhttp[39m:[35mGET /test 404 143 - 0.231 ms[39m
[35m[39m
2022-12-06 18:28:51:2851- [32minfo[39m:[32merro ao conectar ao banco de dados[39m
2022-12-06 18:40:45:4045- [35mhttp[39m:[35mGET /test 404 143 - 1.098 ms[39m
[35m[39m
2022-12-06 18:40:48:4048- [35mhttp[39m:[35mGET /test 404 143 - 0.220 ms[39m
[35m[39m
2022-12-06 18:40:48:4048- [35mhttp[39m:[35mGET /test 404 143 - 0.224 ms[39m
[35m[39m
2022-12-06 18:40:49:4049- [35mhttp[39m:[35mGET /test 404 143 - 0.116 ms[39m
[35m[39m
2022-12-06 18:40:49:4049- [35mhttp[39m:[35mGET /test 404 143 - 0.164 ms[39m
[35m[39m
2022-12-06 18:40:49:4049- [35mhttp[39m:[35mGET /test 404 143 - 0.096 ms[39m
[35m[39m
2022-12-06 18:40:49:4049- [35mhttp[39m:[35mGET /test 404 143 - 0.192 ms[39m
[35m[39m
2022-12-06 18:40:49:4049- [35mhttp[39m:[35mGET /test 404 143 - 0.135 ms[39m
[35m[39m
2022-12-06 18:40:49:4049- [35mhttp[39m:[35mGET /test 404 143 - 0.156 ms[39m
[35m[39m
2022-12-06 18:40:50:4050- [35mhttp[39m:[35mGET /test 404 143 - 0.105 ms[39m
[35m[39m
2022-12-06 18:40:50:4050- [35mhttp[39m:[35mGET /test 404 143 - 0.109 ms[39m
[35m[39m
2022-12-06 18:40:50:4050- [35mhttp[39m:[35mGET /test 404 143 - 0.164 ms[39m
[35m[39m
2022-12-06 18:40:50:4050- [35mhttp[39m:[35mGET /test 404 143 - 0.112 ms[39m
[35m[39m
2022-12-06 18:40:50:4050- [35mhttp[39m:[35mGET /test 404 143 - 0.106 ms[39m
[35m[39m
2022-12-06 18:40:51:4051- [35mhttp[39m:[35mGET /test 404 143 - 0.107 ms[39m
[35m[39m
2022-12-06 18:40:51:4051- [35mhttp[39m:[35mGET /test 404 143 - 0.087 ms[39m
[35m[39m
2022-12-06 18:40:51:4051- [35mhttp[39m:[35mGET /test 404 143 - 0.220 ms[39m
[35m[39m
2022-12-06 18:40:51:4051- [35mhttp[39m:[35mGET /test 404 143 - 0.127 ms[39m
[35m[39m
2022-12-06 18:40:51:4051- [35mhttp[39m:[35mGET /test 404 143 - 0.094 ms[39m
[35m[39m
2022-12-06 18:40:52:4052- [35mhttp[39m:[35mGET /test 404 143 - 0.134 ms[39m
[35m[39m
2022-12-06 18:40:52:4052- [35mhttp[39m:[35mGET /test 404 143 - 0.093 ms[39m
[35m[39m
2022-12-06 18:40:56:4056- [32minfo[39m:[32merro ao conectar ao banco de dados[39m
2022-12-06 18:43:23:4323- [32minfo[39m:[32mconectado ao banco de dados![39m
2022-12-06 18:43:23:4323- [32minfo[39m:[32mservidor rodando na porta 8000[39m
2022-12-06 18:43:32:4332- [35mhttp[39m:[35mGET /test 404 143 - 1.111 ms[39m
[35m[39m
2022-12-06 18:43:37:4337- [35mhttp[39m:[35mGET /test 404 143 - 0.309 ms[39m
[35m[39m
2022-12-06 18:44:24:4424- [35mhttp[39m:[35mGET /test 404 143 - 0.188 ms[39m
[35m[39m
2022-12-06 18:45:01:451- [35mhttp[39m:[35mGET /api/ 404 143 - 0.285 ms[39m
[35m[39m
2022-12-06 18:47:05:475- [32minfo[39m:[32mconectado ao banco de dados![39m
2022-12-06 18:47:05:475- [32minfo[39m:[32mservidor rodando na porta 8000[39m
2022-12-06 18:47:13:4713- [35mhttp[39m:[35mGET /test 200 20 - 1.752 ms[39m
[35m[39m
2022-12-06 18:47:34:4734- [35mhttp[39m:[35mGET /movie 404 144 - 1.148 ms[39m
[35m[39m
2022-12-06 18:50:13:5013- [35mhttp[39m:[35mPOST /movie 200 2 - 5.883 ms[39m
[35m[39m
2022-12-06 18:55:45:5545- [32minfo[39m:[32mconectado ao banco de dados![39m
2022-12-06 18:55:45:5545- [32minfo[39m:[32mservidor rodando na porta 8000[39m
2022-12-06 18:55:47:5547- [35mhttp[39m:[35mPOST /movie 200 2 - 6.199 ms[39m
[35m[39m
2022-12-06 18:56:24:5624- [32minfo[39m:[32mconectado ao banco de dados![39m
2022-12-06 18:56:24:5624- [32minfo[39m:[32mservidor rodando na porta 8000[39m
2022-12-06 18:56:25:5625- [35mhttp[39m:[35mPOST /movie 200 2 - 7.999 ms[39m
[35m[39m
2022-12-06 18:59:52:5952- [32minfo[39m:[32mconectado ao banco de dados![39m
2022-12-06 18:59:52:5952- [32minfo[39m:[32mservidor rodando na porta 8000[39m
2022-12-06 18:59:52:5952- [35mhttp[39m:[35mPOST /movie 200 2 - 6.841 ms[39m
[35m[39m
2022-12-06 18:59:54:5954- [35mhttp[39m:[35mPOST /movie 200 2 - 1.008 ms[39m
[35m[39m
2022-12-06 19:00:53:053- [35mhttp[39m:[35mPOST /movie 200 2 - 1.154 ms[39m
[35m[39m
2022-12-06 19:01:30:130- [32minfo[39m:[32mconectado ao banco de dados![39m
2022-12-06 19:01:30:130- [32minfo[39m:[32mservidor rodando na porta 8000[39m
2022-12-06 19:02:54:254- [35mhttp[39m:[35mPOST /movie 200 2 - 6.267 ms[39m
[35m[39m
2022-12-06 19:04:07:47- [32minfo[39m:[32mconectado ao banco de dados![39m
2022-12-06 19:04:07:47- [32minfo[39m:[32mservidor rodando na porta 8000[39m
2022-12-06 19:04:14:414- [35mhttp[39m:[35mPOST /movie 200 2 - 8.324 ms[39m
[35m[39m
2022-12-06 19:05:28:528- [32minfo[39m:[32mconectado ao banco de dados![39m
2022-12-06 19:05:28:528- [32minfo[39m:[32mservidor rodando na porta 8000[39m
2022-12-06 19:05:33:533- [32minfo[39m:[32mconectado ao banco de dados![39m
2022-12-06 19:05:33:533- [32minfo[39m:[32mservidor rodando na porta 8000[39m
2022-12-06 19:05:36:536- [35mhttp[39m:[35mPOST /movie 200 145 - 24.114 ms[39m
[35m[39m
2022-12-06 19:28:40:2840- [32minfo[39m:[32mconectado ao banco de dados![39m
2022-12-06 19:28:40:2840- [32minfo[39m:[32mservidor rodando na porta 8000[39m
2022-12-06 19:28:47:2847- [32minfo[39m:[32mconectado ao banco de dados![39m
2022-12-06 19:28:47:2847- [32minfo[39m:[32mservidor rodando na porta 8000[39m
2022-12-06 19:28:57:2857- [35mhttp[39m:[35mPOST /movie 200 151 - 50.808 ms[39m
[35m[39m
